 0x0 : addi $v0, $0, 0      | 20020000
 0x4 : addi $t0, $0, 0      | 20080000
 0x8 : addi $v1, $0, 64     | 20030040
 0xc : for:                 | 
 0xc : lw $s0, 0($v0)       | 8c500000
0x10 : add $t0, $t0, $s0    | 01104020
0x14 : lw $s0, 64($v0)      | 8c500040
0x18 : add $t0, $t0, $s0    | 01104020
0x1c : lw $s0, 128($v0)     | 8c500080
0x20 : add $t0, $t0, $s0    | 01104020
0x24 : lw $s0, 192($v0)     | 8c5000c0
0x28 : add $t0, $t0, $s0    | 01104020
0x2c : lw $s0, 256($v0)     | 8c500100
0x30 : add $t0, $t0, $s0    | 01104020
0x34 : lw $s0, 320($v0)     | 8c500140
0x38 : add $t0, $t0, $s0    | 01104020
0x3c : lw $s0, 384($v0)     | 8c500180
0x40 : add $t0, $t0, $s0    | 01104020
0x44 : lw $s0, 448($v0)     | 8c5001c0
0x48 : add $t0, $t0, $s0    | 01104020
0x4c : addi $v0, $v0, 4     | 20420004
0x50 : bne $v0, $v1, for    | 1462ffee
0x54 : nop                  | 00000000
0x58 : nop                  | 00000000
