 0x0 : addi $s0, $0, 100    | 20100064
 0x4 :                      | 
 0x4 : case20:              | 
 0x4 : addi $t0, $0, 20     | 20080014
 0x8 : bne $s0, $t0, case50 | 15100002
 0xc : addi $s1, $0, 2      | 20110002
0x10 : j done               | 0800000e
0x14 : case50:              | 
0x14 : addi $t0, $0, 50     | 20080032
0x18 : bne $s0, $t0, case100 | 15100002
0x1c : addi $s1, $0, 3      | 20110003
0x20 : j done               | 0800000e
0x24 : case100:             | 
0x24 : addi $t0, $0, 100    | 20080064
0x28 : bne $s0, $t0, default | 15100002
0x2c : addi $s1, $0, 5      | 20110005
0x30 : j done               | 0800000e
0x34 : default:             | 
0x34 : add $s1, $0, $0      | 00008820
0x38 :                      | 
0x38 : done:                | 
