 0x0 : addi $s0, $0, 0      | 20100000
 0x4 : addi $t0, $0, 0      | 20080000
 0x8 : addi $v1, $0, 10     | 2003000a
 0xc : for:                 | 
 0xc : sw $t0, 0($s0)       | ae080000
0x10 : addi $t0, $t0, 1     | 21080001
0x14 : addi $s0, $s0, 4     | 22100004
0x18 : bne $t0, $v1, for    | 1468fffc
0x1c : addi $s0, $0, 0      | 20100000
0x20 : addi $t0, $0, 0      | 20080000
0x24 : addi $t1, $0, 0      | 20090000
0x28 : addi $s1, $0, 0      | 20110000
0x2c : for2:                | 
0x2c : lw $t0, 0($s0)       | 8e080000
0x30 : add $s1, $s1, $t0    | 02288820
0x34 : addi $s0, $s0, 4     | 22100004
0x38 : addi $t1, $t1, 1     | 21290001
0x3c : slt $v0, $v1, $t1    | 0069102a
0x40 : beq $v0, $0, for2    | 1002fffa
0x44 : nop                  | 00000000
0x48 : nop                  | 
